2025-12-23T12:55:09.381+01:00  INFO 17433 --- [spring] [main] c.e.taskmanager.TaskManagerApplication   : Starting TaskManagerApplication using Java 17.0.17 with PID 17433 (/home/opm/IdeaProjects/spring/target/classes started by opm in /home/opm/IdeaProjects/spring)
2025-12-23T12:55:09.385+01:00  INFO 17433 --- [spring] [main] c.e.taskmanager.TaskManagerApplication   : No active profile set, falling back to 1 default profile: "default"
2025-12-23T12:55:09.935+01:00  INFO 17433 --- [spring] [main] .s.d.r.c.RepositoryConfigurationDelegate : Bootstrapping Spring Data JPA repositories in DEFAULT mode.
2025-12-23T12:55:09.981+01:00  INFO 17433 --- [spring] [main] .s.d.r.c.RepositoryConfigurationDelegate : Finished Spring Data repository scanning in 38 ms. Found 3 JPA repository interfaces.
2025-12-23T12:55:10.381+01:00  INFO 17433 --- [spring] [main] o.s.b.w.embedded.tomcat.TomcatWebServer  : Tomcat initialized with port 8080 (http)
2025-12-23T12:55:10.391+01:00  INFO 17433 --- [spring] [main] o.apache.catalina.core.StandardService   : Starting service [Tomcat]
2025-12-23T12:55:10.391+01:00  INFO 17433 --- [spring] [main] o.apache.catalina.core.StandardEngine    : Starting Servlet engine: [Apache Tomcat/10.1.20]
2025-12-23T12:55:10.432+01:00  INFO 17433 --- [spring] [main] o.a.c.c.C.[Tomcat].[localhost].[/]       : Initializing Spring embedded WebApplicationContext
2025-12-23T12:55:10.432+01:00  INFO 17433 --- [spring] [main] w.s.c.ServletWebServerApplicationContext : Root WebApplicationContext: initialization completed in 1012 ms
2025-12-23T12:55:10.603+01:00  INFO 17433 --- [spring] [main] com.zaxxer.hikari.HikariDataSource       : HikariPool-1 - Starting...
2025-12-23T12:55:10.671+01:00  INFO 17433 --- [spring] [main] com.zaxxer.hikari.pool.HikariPool        : HikariPool-1 - Added connection org.postgresql.jdbc.PgConnection@1511d157
2025-12-23T12:55:10.672+01:00  INFO 17433 --- [spring] [main] com.zaxxer.hikari.HikariDataSource       : HikariPool-1 - Start completed.
2025-12-23T12:55:10.694+01:00  INFO 17433 --- [spring] [main] org.flywaydb.core.FlywayExecutor         : Database: jdbc:postgresql://localhost:5432/task_manager (PostgreSQL 16.11)
2025-12-23T12:55:10.731+01:00  INFO 17433 --- [spring] [main] o.f.core.internal.command.DbValidate     : Successfully validated 2 migrations (execution time 00:00.020s)
2025-12-23T12:55:10.744+01:00  INFO 17433 --- [spring] [main] o.f.core.internal.command.DbMigrate      : Current version of schema "public": 2
2025-12-23T12:55:10.747+01:00  INFO 17433 --- [spring] [main] o.f.core.internal.command.DbMigrate      : Schema "public" is up to date. No migration necessary.
2025-12-23T12:55:10.811+01:00  INFO 17433 --- [spring] [main] o.hibernate.jpa.internal.util.LogHelper  : HHH000204: Processing PersistenceUnitInfo [name: default]
2025-12-23T12:55:10.856+01:00  INFO 17433 --- [spring] [main] org.hibernate.Version                    : HHH000412: Hibernate ORM core version 6.4.4.Final
2025-12-23T12:55:10.879+01:00  INFO 17433 --- [spring] [main] o.h.c.internal.RegionFactoryInitiator    : HHH000026: Second-level cache disabled
2025-12-23T12:55:11.031+01:00  INFO 17433 --- [spring] [main] o.s.o.j.p.SpringPersistenceUnitInfo      : No LoadTimeWeaver setup: ignoring JPA class transformer
2025-12-23T12:55:11.536+01:00  INFO 17433 --- [spring] [main] o.h.e.t.j.p.i.JtaPlatformInitiator       : HHH000489: No JTA platform available (set 'hibernate.transaction.jta.platform' to enable JTA platform integration)
2025-12-23T12:55:11.571+01:00  INFO 17433 --- [spring] [main] j.LocalContainerEntityManagerFactoryBean : Initialized JPA EntityManagerFactory for persistence unit 'default'
2025-12-23T12:55:11.896+01:00  WARN 17433 --- [spring] [main] JpaBaseConfiguration$JpaWebConfiguration : spring.jpa.open-in-view is enabled by default. Therefore, database queries may be performed during view rendering. Explicitly configure spring.jpa.open-in-view to disable this warning
2025-12-23T12:55:11.921+01:00 DEBUG 17433 --- [spring] [main] swordEncoderAuthenticationManagerBuilder : No authenticationProviders and no parentAuthenticationManager defined. Returning null.
2025-12-23T12:55:12.104+01:00  INFO 17433 --- [spring] [main] o.s.s.web.DefaultSecurityFilterChain     : Will secure any request with [org.springframework.security.web.session.DisableEncodeUrlFilter@761ea1f5, org.springframework.security.web.context.request.async.WebAsyncManagerIntegrationFilter@f047670, org.springframework.security.web.context.SecurityContextHolderFilter@5bed8b91, org.springframework.security.web.header.HeaderWriterFilter@4b6fc231, org.springframework.web.filter.CorsFilter@7a91027c, org.springframework.security.web.authentication.logout.LogoutFilter@55a2ca5e, com.example.taskmanager.shared.security.JwtAuthFilter@2abc8034, org.springframework.security.web.savedrequest.RequestCacheAwareFilter@738ae785, org.springframework.security.web.servletapi.SecurityContextHolderAwareRequestFilter@13288174, org.springframework.security.web.authentication.AnonymousAuthenticationFilter@27d44578, org.springframework.security.web.session.SessionManagementFilter@51c15508, org.springframework.security.web.access.ExceptionTranslationFilter@5b312863, org.springframework.security.web.access.intercept.AuthorizationFilter@5bb45afc]
2025-12-23T12:55:12.285+01:00  WARN 17433 --- [spring] [main] o.s.s.c.a.web.builders.WebSecurity       : You are asking Spring Security to ignore Mvc [pattern='/actuator/**']. This is not recommended -- please use permitAll via HttpSecurity#authorizeHttpRequests instead.
2025-12-23T12:55:12.285+01:00  INFO 17433 --- [spring] [main] o.s.s.web.DefaultSecurityFilterChain     : Will not secure Mvc [pattern='/actuator/**']
2025-12-23T12:55:12.285+01:00  WARN 17433 --- [spring] [main] o.s.s.c.a.web.builders.WebSecurity       : You are asking Spring Security to ignore Mvc [pattern='/swagger-ui/**']. This is not recommended -- please use permitAll via HttpSecurity#authorizeHttpRequests instead.
2025-12-23T12:55:12.285+01:00  INFO 17433 --- [spring] [main] o.s.s.web.DefaultSecurityFilterChain     : Will not secure Mvc [pattern='/swagger-ui/**']
2025-12-23T12:55:12.285+01:00  WARN 17433 --- [spring] [main] o.s.s.c.a.web.builders.WebSecurity       : You are asking Spring Security to ignore Mvc [pattern='/swagger-ui.html']. This is not recommended -- please use permitAll via HttpSecurity#authorizeHttpRequests instead.
2025-12-23T12:55:12.285+01:00  INFO 17433 --- [spring] [main] o.s.s.web.DefaultSecurityFilterChain     : Will not secure Mvc [pattern='/swagger-ui.html']
2025-12-23T12:55:12.285+01:00  WARN 17433 --- [spring] [main] o.s.s.c.a.web.builders.WebSecurity       : You are asking Spring Security to ignore Mvc [pattern='/v3/api-docs/**']. This is not recommended -- please use permitAll via HttpSecurity#authorizeHttpRequests instead.
2025-12-23T12:55:12.286+01:00  INFO 17433 --- [spring] [main] o.s.s.web.DefaultSecurityFilterChain     : Will not secure Mvc [pattern='/v3/api-docs/**']
2025-12-23T12:55:12.286+01:00  WARN 17433 --- [spring] [main] o.s.s.c.a.web.builders.WebSecurity       : You are asking Spring Security to ignore Mvc [pattern='/swagger-resources/**']. This is not recommended -- please use permitAll via HttpSecurity#authorizeHttpRequests instead.
2025-12-23T12:55:12.286+01:00  INFO 17433 --- [spring] [main] o.s.s.web.DefaultSecurityFilterChain     : Will not secure Mvc [pattern='/swagger-resources/**']
2025-12-23T12:55:12.286+01:00  WARN 17433 --- [spring] [main] o.s.s.c.a.web.builders.WebSecurity       : You are asking Spring Security to ignore Mvc [pattern='/webjars/**']. This is not recommended -- please use permitAll via HttpSecurity#authorizeHttpRequests instead.
2025-12-23T12:55:12.286+01:00  INFO 17433 --- [spring] [main] o.s.s.web.DefaultSecurityFilterChain     : Will not secure Mvc [pattern='/webjars/**']
2025-12-23T12:55:12.286+01:00  WARN 17433 --- [spring] [main] o.s.s.c.a.web.builders.WebSecurity       : You are asking Spring Security to ignore Mvc [pattern='/favicon.ico']. This is not recommended -- please use permitAll via HttpSecurity#authorizeHttpRequests instead.
2025-12-23T12:55:12.286+01:00  INFO 17433 --- [spring] [main] o.s.s.web.DefaultSecurityFilterChain     : Will not secure Mvc [pattern='/favicon.ico']
2025-12-23T12:55:12.286+01:00  WARN 17433 --- [spring] [main] o.s.s.c.a.web.builders.WebSecurity       : You are asking Spring Security to ignore Mvc [pattern='/error']. This is not recommended -- please use permitAll via HttpSecurity#authorizeHttpRequests instead.
2025-12-23T12:55:12.286+01:00  INFO 17433 --- [spring] [main] o.s.s.web.DefaultSecurityFilterChain     : Will not secure Mvc [pattern='/error']
2025-12-23T12:55:12.330+01:00  INFO 17433 --- [spring] [main] o.s.b.w.embedded.tomcat.TomcatWebServer  : Tomcat started on port 8080 (http) with context path ''
2025-12-23T12:55:12.337+01:00  INFO 17433 --- [spring] [main] c.e.taskmanager.TaskManagerApplication   : Started TaskManagerApplication in 3.229 seconds (process running for 3.451)
2025-12-23T12:55:43.293+01:00  INFO 17433 --- [spring] [http-nio-8080-exec-1] o.a.c.c.C.[Tomcat].[localhost].[/]       : Initializing Spring DispatcherServlet 'dispatcherServlet'
2025-12-23T12:55:43.293+01:00  INFO 17433 --- [spring] [http-nio-8080-exec-1] o.s.web.servlet.DispatcherServlet        : Initializing Servlet 'dispatcherServlet'
2025-12-23T12:55:43.294+01:00  INFO 17433 --- [spring] [http-nio-8080-exec-1] o.s.web.servlet.DispatcherServlet        : Completed initialization in 1 ms
2025-12-23T12:55:43.306+01:00 DEBUG 17433 --- [spring] [http-nio-8080-exec-2] o.s.security.web.FilterChainProxy        : Securing GET /api/projects
2025-12-23T12:55:43.306+01:00 DEBUG 17433 --- [spring] [http-nio-8080-exec-1] o.s.security.web.FilterChainProxy        : Securing GET /api/projects
2025-12-23T12:55:43.377+01:00 DEBUG 17433 --- [spring] [http-nio-8080-exec-2] o.s.s.w.a.AnonymousAuthenticationFilter  : Set SecurityContextHolder to anonymous SecurityContext
2025-12-23T12:55:43.377+01:00 DEBUG 17433 --- [spring] [http-nio-8080-exec-1] o.s.s.w.a.AnonymousAuthenticationFilter  : Set SecurityContextHolder to anonymous SecurityContext
2025-12-23T12:55:43.378+01:00 DEBUG 17433 --- [spring] [http-nio-8080-exec-2] o.s.s.w.a.Http403ForbiddenEntryPoint     : Pre-authenticated entry point called. Rejecting access
2025-12-23T12:55:43.378+01:00 DEBUG 17433 --- [spring] [http-nio-8080-exec-1] o.s.s.w.a.Http403ForbiddenEntryPoint     : Pre-authenticated entry point called. Rejecting access
2025-12-23T12:55:55.098+01:00 DEBUG 17433 --- [spring] [http-nio-8080-exec-3] o.s.security.web.FilterChainProxy        : Securing GET /api/projects
2025-12-23T12:55:55.098+01:00 DEBUG 17433 --- [spring] [http-nio-8080-exec-4] o.s.security.web.FilterChainProxy        : Securing GET /api/projects
2025-12-23T12:55:55.099+01:00 DEBUG 17433 --- [spring] [http-nio-8080-exec-4] o.s.s.w.a.AnonymousAuthenticationFilter  : Set SecurityContextHolder to anonymous SecurityContext
2025-12-23T12:55:55.099+01:00 DEBUG 17433 --- [spring] [http-nio-8080-exec-4] o.s.s.w.a.Http403ForbiddenEntryPoint     : Pre-authenticated entry point called. Rejecting access
2025-12-23T12:55:55.099+01:00 DEBUG 17433 --- [spring] [http-nio-8080-exec-3] o.s.s.w.a.AnonymousAuthenticationFilter  : Set SecurityContextHolder to anonymous SecurityContext
2025-12-23T12:55:55.100+01:00 DEBUG 17433 --- [spring] [http-nio-8080-exec-3] o.s.s.w.a.Http403ForbiddenEntryPoint     : Pre-authenticated entry point called. Rejecting access
2025-12-23T12:55:56.088+01:00 DEBUG 17433 --- [spring] [http-nio-8080-exec-6] o.s.security.web.FilterChainProxy        : Securing GET /api/projects
2025-12-23T12:55:56.088+01:00 DEBUG 17433 --- [spring] [http-nio-8080-exec-5] o.s.security.web.FilterChainProxy        : Securing GET /api/projects
2025-12-23T12:55:56.090+01:00 DEBUG 17433 --- [spring] [http-nio-8080-exec-6] o.s.s.w.a.AnonymousAuthenticationFilter  : Set SecurityContextHolder to anonymous SecurityContext
2025-12-23T12:55:56.090+01:00 DEBUG 17433 --- [spring] [http-nio-8080-exec-5] o.s.s.w.a.AnonymousAuthenticationFilter  : Set SecurityContextHolder to anonymous SecurityContext
2025-12-23T12:55:56.091+01:00 DEBUG 17433 --- [spring] [http-nio-8080-exec-5] o.s.s.w.a.Http403ForbiddenEntryPoint     : Pre-authenticated entry point called. Rejecting access
2025-12-23T12:55:56.091+01:00 DEBUG 17433 --- [spring] [http-nio-8080-exec-6] o.s.s.w.a.Http403ForbiddenEntryPoint     : Pre-authenticated entry point called. Rejecting access
2025-12-23T12:56:06.274+01:00 DEBUG 17433 --- [spring] [http-nio-8080-exec-7] o.s.security.web.FilterChainProxy        : Securing POST /api/auth/login
2025-12-23T12:56:06.276+01:00 DEBUG 17433 --- [spring] [http-nio-8080-exec-7] o.s.s.w.a.AnonymousAuthenticationFilter  : Set SecurityContextHolder to anonymous SecurityContext
2025-12-23T12:56:06.276+01:00 DEBUG 17433 --- [spring] [http-nio-8080-exec-7] o.s.security.web.FilterChainProxy        : Secured POST /api/auth/login
2025-12-23T12:56:06.399+01:00  INFO 17433 --- [spring] [http-nio-8080-exec-7] http                                     : POST /api/auth/login 200 121ms req={"email":"admin@admin.com","password":"123456"} resp={"token":"eyJhbGciOiJIUzM4NCJ9.eyJzdWIiOiIxIiwiaWF0IjoxNzY2NDkwOTY2LCJleHAiOjE3NjY1NzczNjZ9.dqmt0woP0zMnYXLTldrCpGSNWQgOyXCjGbHCH1RXNbDdZZKso_BnierfLZVSE3tV"}
2025-12-23T12:56:06.417+01:00 DEBUG 17433 --- [spring] [http-nio-8080-exec-8] o.s.security.web.FilterChainProxy        : Securing GET /api/projects
2025-12-23T12:56:06.417+01:00 DEBUG 17433 --- [spring] [http-nio-8080-exec-9] o.s.security.web.FilterChainProxy        : Securing GET /api/projects
2025-12-23T12:56:06.420+01:00 DEBUG 17433 --- [spring] [http-nio-8080-exec-9] o.s.security.web.FilterChainProxy        : Secured GET /api/projects
2025-12-23T12:56:06.420+01:00 DEBUG 17433 --- [spring] [http-nio-8080-exec-8] o.s.security.web.FilterChainProxy        : Secured GET /api/projects
2025-12-23T12:56:06.429+01:00  INFO 17433 --- [spring] [http-nio-8080-exec-8] http                                     : GET /api/projects 200 9ms req= resp=[{"id":1,"title":"test_project","description":"im testiiiiiing the project","createdAt":"2025-12-17T15:45:49.083725Z"},{"id":2,"title":"frontend","description":"u have to make the front end look better","createdAt":"2025-12-17T17:47:06.831248Z"}]
2025-12-23T12:56:06.429+01:00  INFO 17433 --- [spring] [http-nio-8080-exec-9] http                                     : GET /api/projects 200 9ms req= resp=[{"id":1,"title":"test_project","description":"im testiiiiiing the project","createdAt":"2025-12-17T15:45:49.083725Z"},{"id":2,"title":"frontend","description":"u have to make the front end look better","createdAt":"2025-12-17T17:47:06.831248Z"}]
2025-12-23T15:38:33.022+01:00 DEBUG 17433 --- [spring] [http-nio-8080-exec-2] o.s.security.web.FilterChainProxy        : Securing GET /api/projects/2
2025-12-23T15:38:33.022+01:00 DEBUG 17433 --- [spring] [http-nio-8080-exec-4] o.s.security.web.FilterChainProxy        : Securing GET /api/projects/2/tasks
2025-12-23T15:38:33.022+01:00 DEBUG 17433 --- [spring] [http-nio-8080-exec-6] o.s.security.web.FilterChainProxy        : Securing GET /api/projects/2
2025-12-23T15:38:33.022+01:00 DEBUG 17433 --- [spring] [http-nio-8080-exec-3] o.s.security.web.FilterChainProxy        : Securing GET /api/projects/2/progress
2025-12-23T15:38:33.023+01:00 DEBUG 17433 --- [spring] [http-nio-8080-exec-5] o.s.security.web.FilterChainProxy        : Securing GET /api/projects/2/tasks
2025-12-23T15:38:33.024+01:00 DEBUG 17433 --- [spring] [http-nio-8080-exec-2] o.s.security.web.FilterChainProxy        : Secured GET /api/projects/2
2025-12-23T15:38:33.024+01:00 DEBUG 17433 --- [spring] [http-nio-8080-exec-6] o.s.security.web.FilterChainProxy        : Secured GET /api/projects/2
2025-12-23T15:38:33.024+01:00 DEBUG 17433 --- [spring] [http-nio-8080-exec-3] o.s.security.web.FilterChainProxy        : Secured GET /api/projects/2/progress
2025-12-23T15:38:33.024+01:00 DEBUG 17433 --- [spring] [http-nio-8080-exec-4] o.s.security.web.FilterChainProxy        : Secured GET /api/projects/2/tasks
2025-12-23T15:38:33.026+01:00 DEBUG 17433 --- [spring] [http-nio-8080-exec-5] o.s.security.web.FilterChainProxy        : Secured GET /api/projects/2/tasks
2025-12-23T15:38:33.026+01:00 DEBUG 17433 --- [spring] [http-nio-8080-exec-7] o.s.security.web.FilterChainProxy        : Securing GET /api/projects/2/progress
2025-12-23T15:38:33.028+01:00 DEBUG 17433 --- [spring] [http-nio-8080-exec-7] o.s.security.web.FilterChainProxy        : Secured GET /api/projects/2/progress
2025-12-23T15:38:33.035+01:00  INFO 17433 --- [spring] [http-nio-8080-exec-2] http                                     : GET /api/projects/2 200 11ms req= resp={"id":2,"title":"frontend","description":"u have to make the front end look better","createdAt":"2025-12-17T17:47:06.831248Z"}
2025-12-23T15:38:33.036+01:00  INFO 17433 --- [spring] [http-nio-8080-exec-6] http                                     : GET /api/projects/2 200 11ms req= resp={"id":2,"title":"frontend","description":"u have to make the front end look better","createdAt":"2025-12-17T17:47:06.831248Z"}
2025-12-23T15:38:33.039+01:00  INFO 17433 --- [spring] [http-nio-8080-exec-4] http                                     : GET /api/projects/2/tasks 200 15ms req= resp=[{"id":8,"projectId":2,"title":"navbar","description":"make navbar look better","dueDate":"2025-12-17T00:07:00Z","completed":true},{"id":9,"projectId":2,"title":"landing","description":"make landing page look personal","dueDate":"2025-12-24T00:00:00Z","completed":false}]
2025-12-23T15:38:33.039+01:00  INFO 17433 --- [spring] [http-nio-8080-exec-5] http                                     : GET /api/projects/2/tasks 200 13ms req= resp=[{"id":8,"projectId":2,"title":"navbar","description":"make navbar look better","dueDate":"2025-12-17T00:07:00Z","completed":true},{"id":9,"projectId":2,"title":"landing","description":"make landing page look personal","dueDate":"2025-12-24T00:00:00Z","completed":false}]
2025-12-23T15:38:33.040+01:00  INFO 17433 --- [spring] [http-nio-8080-exec-7] http                                     : GET /api/projects/2/progress 200 11ms req= resp={"totalTasks":2,"completedTasks":1,"progressPercentage":50.0}
2025-12-23T15:38:33.040+01:00  INFO 17433 --- [spring] [http-nio-8080-exec-3] http                                     : GET /api/projects/2/progress 200 16ms req= resp={"totalTasks":2,"completedTasks":1,"progressPercentage":50.0}
2025-12-23T15:38:34.461+01:00 DEBUG 17433 --- [spring] [http-nio-8080-exec-9] o.s.security.web.FilterChainProxy        : Securing GET /api/projects
2025-12-23T15:38:34.461+01:00 DEBUG 17433 --- [spring] [http-nio-8080-exec-8] o.s.security.web.FilterChainProxy        : Securing GET /api/projects
2025-12-23T15:38:34.464+01:00 DEBUG 17433 --- [spring] [http-nio-8080-exec-8] o.s.security.web.FilterChainProxy        : Secured GET /api/projects
2025-12-23T15:38:34.464+01:00 DEBUG 17433 --- [spring] [http-nio-8080-exec-9] o.s.security.web.FilterChainProxy        : Secured GET /api/projects
2025-12-23T15:38:34.468+01:00  INFO 17433 --- [spring] [http-nio-8080-exec-9] http                                     : GET /api/projects 200 4ms req= resp=[{"id":1,"title":"test_project","description":"im testiiiiiing the project","createdAt":"2025-12-17T15:45:49.083725Z"},{"id":2,"title":"frontend","description":"u have to make the front end look better","createdAt":"2025-12-17T17:47:06.831248Z"}]
2025-12-23T15:38:34.468+01:00  INFO 17433 --- [spring] [http-nio-8080-exec-8] http                                     : GET /api/projects 200 4ms req= resp=[{"id":1,"title":"test_project","description":"im testiiiiiing the project","createdAt":"2025-12-17T15:45:49.083725Z"},{"id":2,"title":"frontend","description":"u have to make the front end look better","createdAt":"2025-12-17T17:47:06.831248Z"}]
2025-12-23T15:38:37.583+01:00 DEBUG 17433 --- [spring] [http-nio-8080-exec-10] o.s.security.web.FilterChainProxy        : Securing GET /api/projects/2
2025-12-23T15:38:37.585+01:00 DEBUG 17433 --- [spring] [http-nio-8080-exec-10] o.s.security.web.FilterChainProxy        : Secured GET /api/projects/2
2025-12-23T15:38:37.585+01:00 DEBUG 17433 --- [spring] [http-nio-8080-exec-1] o.s.security.web.FilterChainProxy        : Securing GET /api/projects/2/tasks
2025-12-23T15:38:37.585+01:00 DEBUG 17433 --- [spring] [http-nio-8080-exec-2] o.s.security.web.FilterChainProxy        : Securing GET /api/projects/2/progress
2025-12-23T15:38:37.585+01:00 DEBUG 17433 --- [spring] [http-nio-8080-exec-6] o.s.security.web.FilterChainProxy        : Securing GET /api/projects/2
2025-12-23T15:38:37.586+01:00 DEBUG 17433 --- [spring] [http-nio-8080-exec-5] o.s.security.web.FilterChainProxy        : Securing GET /api/projects/2/tasks
2025-12-23T15:38:37.586+01:00 DEBUG 17433 --- [spring] [http-nio-8080-exec-4] o.s.security.web.FilterChainProxy        : Securing GET /api/projects/2/progress
2025-12-23T15:38:37.587+01:00 DEBUG 17433 --- [spring] [http-nio-8080-exec-2] o.s.security.web.FilterChainProxy        : Secured GET /api/projects/2/progress
2025-12-23T15:38:37.587+01:00 DEBUG 17433 --- [spring] [http-nio-8080-exec-1] o.s.security.web.FilterChainProxy        : Secured GET /api/projects/2/tasks
2025-12-23T15:38:37.587+01:00 DEBUG 17433 --- [spring] [http-nio-8080-exec-6] o.s.security.web.FilterChainProxy        : Secured GET /api/projects/2
2025-12-23T15:38:37.587+01:00 DEBUG 17433 --- [spring] [http-nio-8080-exec-5] o.s.security.web.FilterChainProxy        : Secured GET /api/projects/2/tasks
2025-12-23T15:38:37.588+01:00 DEBUG 17433 --- [spring] [http-nio-8080-exec-4] o.s.security.web.FilterChainProxy        : Secured GET /api/projects/2/progress
2025-12-23T15:38:37.592+01:00  INFO 17433 --- [spring] [http-nio-8080-exec-10] http                                     : GET /api/projects/2 200 7ms req= resp={"id":2,"title":"frontend","description":"u have to make the front end look better","createdAt":"2025-12-17T17:47:06.831248Z"}
2025-12-23T15:38:37.592+01:00  INFO 17433 --- [spring] [http-nio-8080-exec-6] http                                     : GET /api/projects/2 200 5ms req= resp={"id":2,"title":"frontend","description":"u have to make the front end look better","createdAt":"2025-12-17T17:47:06.831248Z"}
2025-12-23T15:38:37.594+01:00  INFO 17433 --- [spring] [http-nio-8080-exec-5] http                                     : GET /api/projects/2/tasks 200 7ms req= resp=[{"id":8,"projectId":2,"title":"navbar","description":"make navbar look better","dueDate":"2025-12-17T00:07:00Z","completed":true},{"id":9,"projectId":2,"title":"landing","description":"make landing page look personal","dueDate":"2025-12-24T00:00:00Z","completed":false}]
2025-12-23T15:38:37.594+01:00  INFO 17433 --- [spring] [http-nio-8080-exec-1] http                                     : GET /api/projects/2/tasks 200 7ms req= resp=[{"id":8,"projectId":2,"title":"navbar","description":"make navbar look better","dueDate":"2025-12-17T00:07:00Z","completed":true},{"id":9,"projectId":2,"title":"landing","description":"make landing page look personal","dueDate":"2025-12-24T00:00:00Z","completed":false}]
2025-12-23T15:38:37.595+01:00  INFO 17433 --- [spring] [http-nio-8080-exec-2] http                                     : GET /api/projects/2/progress 200 8ms req= resp={"totalTasks":2,"completedTasks":1,"progressPercentage":50.0}
2025-12-23T15:38:37.598+01:00  INFO 17433 --- [spring] [http-nio-8080-exec-4] http                                     : GET /api/projects/2/progress 200 10ms req= resp={"totalTasks":2,"completedTasks":1,"progressPercentage":50.0}
2025-12-23T15:38:38.208+01:00 DEBUG 17433 --- [spring] [http-nio-8080-exec-3] o.s.security.web.FilterChainProxy        : Securing GET /api/projects
2025-12-23T15:38:38.208+01:00 DEBUG 17433 --- [spring] [http-nio-8080-exec-7] o.s.security.web.FilterChainProxy        : Securing GET /api/projects
2025-12-23T15:38:38.209+01:00 DEBUG 17433 --- [spring] [http-nio-8080-exec-3] o.s.security.web.FilterChainProxy        : Secured GET /api/projects
2025-12-23T15:38:38.209+01:00 DEBUG 17433 --- [spring] [http-nio-8080-exec-7] o.s.security.web.FilterChainProxy        : Secured GET /api/projects
2025-12-23T15:38:38.213+01:00  INFO 17433 --- [spring] [http-nio-8080-exec-3] http                                     : GET /api/projects 200 3ms req= resp=[{"id":1,"title":"test_project","description":"im testiiiiiing the project","createdAt":"2025-12-17T15:45:49.083725Z"},{"id":2,"title":"frontend","description":"u have to make the front end look better","createdAt":"2025-12-17T17:47:06.831248Z"}]
2025-12-23T15:38:38.213+01:00  INFO 17433 --- [spring] [http-nio-8080-exec-7] http                                     : GET /api/projects 200 4ms req= resp=[{"id":1,"title":"test_project","description":"im testiiiiiing the project","createdAt":"2025-12-17T15:45:49.083725Z"},{"id":2,"title":"frontend","description":"u have to make the front end look better","createdAt":"2025-12-17T17:47:06.831248Z"}]
2025-12-23T15:38:39.218+01:00 DEBUG 17433 --- [spring] [http-nio-8080-exec-6] o.s.security.web.FilterChainProxy        : Securing GET /api/projects/1
2025-12-23T15:38:39.218+01:00 DEBUG 17433 --- [spring] [http-nio-8080-exec-9] o.s.security.web.FilterChainProxy        : Securing GET /api/projects/1/tasks
2025-12-23T15:38:39.218+01:00 DEBUG 17433 --- [spring] [http-nio-8080-exec-8] o.s.security.web.FilterChainProxy        : Securing GET /api/projects/1
2025-12-23T15:38:39.218+01:00 DEBUG 17433 --- [spring] [http-nio-8080-exec-10] o.s.security.web.FilterChainProxy        : Securing GET /api/projects/1/progress
2025-12-23T15:38:39.219+01:00 DEBUG 17433 --- [spring] [http-nio-8080-exec-5] o.s.security.web.FilterChainProxy        : Securing GET /api/projects/1/tasks
2025-12-23T15:38:39.219+01:00 DEBUG 17433 --- [spring] [http-nio-8080-exec-1] o.s.security.web.FilterChainProxy        : Securing GET /api/projects/1/progress
2025-12-23T15:38:39.220+01:00 DEBUG 17433 --- [spring] [http-nio-8080-exec-9] o.s.security.web.FilterChainProxy        : Secured GET /api/projects/1/tasks
2025-12-23T15:38:39.220+01:00 DEBUG 17433 --- [spring] [http-nio-8080-exec-8] o.s.security.web.FilterChainProxy        : Secured GET /api/projects/1
2025-12-23T15:38:39.220+01:00 DEBUG 17433 --- [spring] [http-nio-8080-exec-6] o.s.security.web.FilterChainProxy        : Secured GET /api/projects/1
2025-12-23T15:38:39.220+01:00 DEBUG 17433 --- [spring] [http-nio-8080-exec-10] o.s.security.web.FilterChainProxy        : Secured GET /api/projects/1/progress
2025-12-23T15:38:39.220+01:00 DEBUG 17433 --- [spring] [http-nio-8080-exec-5] o.s.security.web.FilterChainProxy        : Secured GET /api/projects/1/tasks
2025-12-23T15:38:39.220+01:00 DEBUG 17433 --- [spring] [http-nio-8080-exec-1] o.s.security.web.FilterChainProxy        : Secured GET /api/projects/1/progress
2025-12-23T15:38:39.224+01:00  INFO 17433 --- [spring] [http-nio-8080-exec-8] http                                     : GET /api/projects/1 200 4ms req= resp={"id":1,"title":"test_project","description":"im testiiiiiing the project","createdAt":"2025-12-17T15:45:49.083725Z"}
2025-12-23T15:38:39.225+01:00  INFO 17433 --- [spring] [http-nio-8080-exec-5] http                                     : GET /api/projects/1/tasks 200 5ms req= resp=[{"id":4,"projectId":1,"title":"doTask","description":"just do task bro","dueDate":"2025-12-20T21:39:07.192Z","completed":false},{"id":6,"projectId":1,"title":"doTask2","description":"just do task bro","dueDate":"2025-12-20T21:39:07.192Z","completed":true},{"id":7,"projectId":1,"title":"doTask7","description":"just do task bro","dueDate":"2025-12-20T21:39:07.192Z","completed":true},{"id":10,"projectId":1,"title":"task0","description":"taskkk","dueDate":"2026-12-05T00:00:00Z","completed":false},{"id":11,"projectId":1,"title":"taaaks","description":"kskssk","dueDate":"2026-12-05T06:00:00Z","completed":false},{"id":12,"projectId":1,"title":"task","description":"task dzeb","dueDate":"2026-11-11T00:00:00Z","completed":true}]
2025-12-23T15:38:39.225+01:00  INFO 17433 --- [spring] [http-nio-8080-exec-9] http                                     : GET /api/projects/1/tasks 200 5ms req= resp=[{"id":4,"projectId":1,"title":"doTask","description":"just do task bro","dueDate":"2025-12-20T21:39:07.192Z","completed":false},{"id":6,"projectId":1,"title":"doTask2","description":"just do task bro","dueDate":"2025-12-20T21:39:07.192Z","completed":true},{"id":7,"projectId":1,"title":"doTask7","description":"just do task bro","dueDate":"2025-12-20T21:39:07.192Z","completed":true},{"id":10,"projectId":1,"title":"task0","description":"taskkk","dueDate":"2026-12-05T00:00:00Z","completed":false},{"id":11,"projectId":1,"title":"taaaks","description":"kskssk","dueDate":"2026-12-05T06:00:00Z","completed":false},{"id":12,"projectId":1,"title":"task","description":"task dzeb","dueDate":"2026-11-11T00:00:00Z","completed":true}]
2025-12-23T15:38:39.227+01:00  INFO 17433 --- [spring] [http-nio-8080-exec-6] http                                     : GET /api/projects/1 200 7ms req= resp={"id":1,"title":"test_project","description":"im testiiiiiing the project","createdAt":"2025-12-17T15:45:49.083725Z"}
2025-12-23T15:38:39.228+01:00  INFO 17433 --- [spring] [http-nio-8080-exec-1] http                                     : GET /api/projects/1/progress 200 8ms req= resp={"totalTasks":6,"completedTasks":3,"progressPercentage":50.0}
2025-12-23T15:38:39.228+01:00  INFO 17433 --- [spring] [http-nio-8080-exec-10] http                                     : GET /api/projects/1/progress 200 8ms req= resp={"totalTasks":6,"completedTasks":3,"progressPercentage":50.0}
2025-12-23T15:38:40.537+01:00 DEBUG 17433 --- [spring] [http-nio-8080-exec-2] o.s.security.web.FilterChainProxy        : Securing GET /api/projects
2025-12-23T15:38:40.537+01:00 DEBUG 17433 --- [spring] [http-nio-8080-exec-4] o.s.security.web.FilterChainProxy        : Securing GET /api/projects
2025-12-23T15:38:40.539+01:00 DEBUG 17433 --- [spring] [http-nio-8080-exec-2] o.s.security.web.FilterChainProxy        : Secured GET /api/projects
2025-12-23T15:38:40.539+01:00 DEBUG 17433 --- [spring] [http-nio-8080-exec-4] o.s.security.web.FilterChainProxy        : Secured GET /api/projects
2025-12-23T15:38:40.541+01:00  INFO 17433 --- [spring] [http-nio-8080-exec-2] http                                     : GET /api/projects 200 2ms req= resp=[{"id":1,"title":"test_project","description":"im testiiiiiing the project","createdAt":"2025-12-17T15:45:49.083725Z"},{"id":2,"title":"frontend","description":"u have to make the front end look better","createdAt":"2025-12-17T17:47:06.831248Z"}]
2025-12-23T15:38:40.541+01:00  INFO 17433 --- [spring] [http-nio-8080-exec-4] http                                     : GET /api/projects 200 2ms req= resp=[{"id":1,"title":"test_project","description":"im testiiiiiing the project","createdAt":"2025-12-17T15:45:49.083725Z"},{"id":2,"title":"frontend","description":"u have to make the front end look better","createdAt":"2025-12-17T17:47:06.831248Z"}]
2025-12-23T15:38:55.674+01:00  INFO 17433 --- [spring] [SpringApplicationShutdownHook] j.LocalContainerEntityManagerFactoryBean : Closing JPA EntityManagerFactory for persistence unit 'default'
2025-12-23T15:38:55.677+01:00  INFO 17433 --- [spring] [SpringApplicationShutdownHook] com.zaxxer.hikari.HikariDataSource       : HikariPool-1 - Shutdown initiated...
2025-12-23T15:38:55.678+01:00  INFO 17433 --- [spring] [SpringApplicationShutdownHook] com.zaxxer.hikari.HikariDataSource       : HikariPool-1 - Shutdown completed.
